<?xml version="1.0" encoding="UTF-8"?>
<testng-results skipped="0" failed="0" total="1" passed="1">
  <reporter-output>
  </reporter-output>
  <suite name="Default suite" duration-ms="56423" started-at="2020-02-07T07:35:35Z" finished-at="2020-02-07T07:36:31Z">
    <groups>
    </groups>
    <test name="Default test" duration-ms="56423" started-at="2020-02-07T07:35:35Z" finished-at="2020-02-07T07:36:31Z">
      <class name="TestRunner.RunnerClass">
        <test-method status="PASS" signature="setUp()[pri:0, instance:TestRunner.RunnerClass@6833ce2c]" name="setUp" is-config="true" duration-ms="12413" started-at="2020-02-07T13:05:35Z" finished-at="2020-02-07T13:05:47Z">
          <reporter-output>
          </reporter-output>
        </test-method> <!-- setUp -->
        <test-method status="PASS" signature="weather()[pri:0, instance:TestRunner.RunnerClass@6833ce2c]" name="weather" duration-ms="43963" started-at="2020-02-07T13:05:47Z" finished-at="2020-02-07T13:06:31Z">
          <reporter-output>
          </reporter-output>
        </test-method> <!-- weather -->
      </class> <!-- TestRunner.RunnerClass -->
    </test> <!-- Default test -->
  </suite> <!-- Default suite -->
</testng-results>
